STAR version=                 2.7.11b
STAR compilation time,server,dir= :/opt/mambaforge/envs/bioconda/conda-bld/star_1763121632674/work/source
##### Command Line:
/opt/anaconda3/envs/gatk-rnaseq/bin/STAR --runThreadN 8 --genomeDir /Users/go140/gatk-rnaseq-variant-discovery/data/ref/star_index_gencode_v47 --readFilesIn /Users/go140/gatk-rnaseq-variant-discovery/data/intermediate/SRR3192657_1.clean.fastq /Users/go140/gatk-rnaseq-variant-discovery/data/intermediate/SRR3192657_2.clean.fastq --readFilesCommand /bin/bash -lc --outFileNamePrefix /Users/go140/gatk-rnaseq-variant-discovery/results/03d_star_align_single_pass_clean_fastq_stream/SRR3192657. --outSAMtype BAM SortedByCoordinate --outSAMstrandField intronMotif --outBAMsortingBinsN 32 --limitBAMsortRAM 12000000000
##### Initial USER parameters from Command Line:
outFileNamePrefix                 /Users/go140/gatk-rnaseq-variant-discovery/results/03d_star_align_single_pass_clean_fastq_stream/SRR3192657.
###### All USER parameters from Command Line:
runThreadN                    8     ~RE-DEFINED
genomeDir                     /Users/go140/gatk-rnaseq-variant-discovery/data/ref/star_index_gencode_v47     ~RE-DEFINED
readFilesIn                   /Users/go140/gatk-rnaseq-variant-discovery/data/intermediate/SRR3192657_1.clean.fastq   /Users/go140/gatk-rnaseq-variant-discovery/data/intermediate/SRR3192657_2.clean.fastq        ~RE-DEFINED
readFilesCommand              /bin/bash   -lc        ~RE-DEFINED
outFileNamePrefix             /Users/go140/gatk-rnaseq-variant-discovery/results/03d_star_align_single_pass_clean_fastq_stream/SRR3192657.     ~RE-DEFINED
outSAMtype                    BAM   SortedByCoordinate        ~RE-DEFINED
outSAMstrandField             intronMotif     ~RE-DEFINED
outBAMsortingBinsN            32     ~RE-DEFINED
limitBAMsortRAM               12000000000     ~RE-DEFINED
##### Finished reading parameters from all sources

##### Final user re-defined parameters-----------------:
runThreadN                        8
genomeDir                         /Users/go140/gatk-rnaseq-variant-discovery/data/ref/star_index_gencode_v47
readFilesIn                       /Users/go140/gatk-rnaseq-variant-discovery/data/intermediate/SRR3192657_1.clean.fastq   /Users/go140/gatk-rnaseq-variant-discovery/data/intermediate/SRR3192657_2.clean.fastq   
readFilesCommand                  /bin/bash   -lc   
limitBAMsortRAM                   12000000000
outFileNamePrefix                 /Users/go140/gatk-rnaseq-variant-discovery/results/03d_star_align_single_pass_clean_fastq_stream/SRR3192657.
outSAMtype                        BAM   SortedByCoordinate   
outSAMstrandField                 intronMotif
outBAMsortingBinsN                32

-------------------------------
##### Final effective command line:
/opt/anaconda3/envs/gatk-rnaseq/bin/STAR   --runThreadN 8   --genomeDir /Users/go140/gatk-rnaseq-variant-discovery/data/ref/star_index_gencode_v47   --readFilesIn /Users/go140/gatk-rnaseq-variant-discovery/data/intermediate/SRR3192657_1.clean.fastq   /Users/go140/gatk-rnaseq-variant-discovery/data/intermediate/SRR3192657_2.clean.fastq      --readFilesCommand /bin/bash   -lc      --limitBAMsortRAM 12000000000   --outFileNamePrefix /Users/go140/gatk-rnaseq-variant-discovery/results/03d_star_align_single_pass_clean_fastq_stream/SRR3192657.   --outSAMtype BAM   SortedByCoordinate      --outSAMstrandField intronMotif   --outBAMsortingBinsN 32
----------------------------------------

Number of fastq files for each mate = 1

   Input read files for mate 1 :
-rw-r--r--@ 1 go140  staff  25039563203 Feb 15 19:10 /Users/go140/gatk-rnaseq-variant-discovery/data/intermediate/SRR3192657_1.clean.fastq

   readsCommandsFile:
exec > "/Users/go140/gatk-rnaseq-variant-discovery/results/03d_star_align_single_pass_clean_fastq_stream/SRR3192657._STARtmp/tmp.fifo.read1"
echo FILE 0
/bin/bash   -lc      "/Users/go140/gatk-rnaseq-variant-discovery/data/intermediate/SRR3192657_1.clean.fastq"


EXITING: because of fatal EXECUTION error: Failed spawning readFilesCommand
2: No such file or directory

Feb 15 19:56:02 ...... FATAL ERROR, exiting
